<?xml version="1.0" encoding="UTF-8"?>
<robot generator="Robot 4.1.3 (Python 3.10.2 on darwin)" generated="20220406 22:20:36.270" rpa="false" schemaversion="2">
<suite id="s1" name="Demo1" source="/Users/watcp.phu/Documents/Demo_test/Demo1.robot">
<test id="s1-t1" name="Open web google">
<kw name="Open Browser">
<arg>${URL}</arg>
<arg>${BROWSER}</arg>
<msg timestamp="20220406 22:20:36.279" level="FAIL">No keyword with name 'Open Browser' found.</msg>
<status status="FAIL" starttime="20220406 22:20:36.279" endtime="20220406 22:20:36.279"/>
</kw>
<status status="FAIL" starttime="20220406 22:20:36.278" endtime="20220406 22:20:36.280">No keyword with name 'Open Browser' found.</status>
</test>
<status status="FAIL" starttime="20220406 22:20:36.270" endtime="20220406 22:20:36.280"/>
</suite>
<statistics>
<total>
<stat pass="0" fail="1" skip="0">All Tests</stat>
</total>
<tag>
</tag>
<suite>
<stat pass="0" fail="1" skip="0" id="s1" name="Demo1">Demo1</stat>
</suite>
</statistics>
<errors>
<msg timestamp="20220406 22:20:36.278" level="ERROR">Error in file '/Users/watcp.phu/Documents/Demo_test/Demo1.robot' on line 2: Importing library 'Selenium2library' failed: ModuleNotFoundError: No module named 'Selenium2library'
Traceback (most recent call last):
  None
PYTHONPATH:
  /Library/Frameworks/Python.framework/Versions/3.10/bin
  /Library/Frameworks/Python.framework/Versions/3.10/lib/python310.zip
  /Library/Frameworks/Python.framework/Versions/3.10/lib/python3.10
  /Library/Frameworks/Python.framework/Versions/3.10/lib/python3.10/lib-dynload
  /Library/Frameworks/Python.framework/Versions/3.10/lib/python3.10/site-packages</msg>
</errors>
</robot>
